{"uid":"f5bad8e95d658f8c","name":"Подача заявки","fullName":"test_piter#test_fill_page","historyId":"7f5a9ca268e57ff69d9230d3b97e874e","time":{"start":1770051808161,"stop":1770051820621,"duration":12460},"description":"Заполнение формы адрес+телефон, переход к тарифам","descriptionHtml":"<p>Заполнение формы адрес+телефон, переход к тарифам</p>\n","status":"failed","statusMessage":"AssertionError: Locator expected to be visible\nActual value: None\nError: element(s) not found \nCall log:\n  - Expect \"to_be_visible\" with timeout 10000ms\n  - waiting for get_by_text(\"Тестовая линия\", exact=True)","statusTrace":"page = <Page url='https://piter-online.net/'>, run = 0\n\n    @pytest.mark.parametrize(\"run\", range(1))\n    @allure.title(\"Подача заявки\")\n    @allure.description(\"Заполнение формы адрес+телефон, переход к тарифам\")\n    def test_fill_page(page, run):\n        with allure.step(f\"Открытие главной страницы - {BASE_URL}\"):\n            PiterOnline = MainPage(page)\n            PiterOnline.open_main_site()\n    \n        with allure.step(f\"Заполнение формы: {TEST_STREETS[0]}, дом {TEST_HOUSES[0]}, тел {TEST_PHONES[0]}\"):\n>           PiterOnline.fill_complete_form(TEST_STREETS[0], TEST_HOUSES[0], TEST_PHONES[0])\n\ntest_piter.py:19: \n_ _ _ _ _ _ _ _ _ _ _ _ _ _ _ _ _ _ _ _ _ _ _ _ _ _ _ _ _ _ _ _ _ _ _ _ _ _ _ _\npages\\main_page.py:95: in fill_complete_form\n    (self.fill_address(street, house)\n     ^^^^^^^^^^^^^^^^^^^^^^^^^^^^^^^^\npages\\main_page.py:44: in fill_address\n    self.fill_street(street)\n_ _ _ _ _ _ _ _ _ _ _ _ _ _ _ _ _ _ _ _ _ _ _ _ _ _ _ _ _ _ _ _ _ _ _ _ _ _ _ _\n\nself = <pages.main_page.MainPage object at 0x000002D73575A510>\nstreet_name = 'Тестовая линия'\n\n    def fill_street(self, street_name: str):\n        self.street_input.click()\n        self.street_input.fill(street_name)\n        locator = self.page.get_by_text(street_name, exact=True)\n>       expect(locator).to_be_visible(timeout=10000)\nE       AssertionError: Locator expected to be visible\nE       Actual value: None\nE       Error: element(s) not found \nE       Call log:\nE         - Expect \"to_be_visible\" with timeout 10000ms\nE         - waiting for get_by_text(\"Тестовая линия\", exact=True)\n\npages\\main_page.py:32: AssertionError","flaky":false,"newFailed":false,"newBroken":false,"newPassed":false,"retriesCount":0,"retriesStatusChange":false,"beforeStages":[{"name":"delete_output_dir","time":{"start":1770051806039,"stop":1770051806039,"duration":0},"status":"passed","steps":[],"attachments":[],"parameters":[],"attachmentsCount":0,"shouldDisplayMessage":false,"stepsCount":0,"attachmentStep":false,"hasContent":false},{"name":"_verify_url","time":{"start":1770051806039,"stop":1770051806039,"duration":0},"status":"passed","steps":[],"attachments":[],"parameters":[],"attachmentsCount":0,"shouldDisplayMessage":false,"stepsCount":0,"attachmentStep":false,"hasContent":false},{"name":"pytestconfig","time":{"start":1770051806039,"stop":1770051806039,"duration":0},"status":"passed","steps":[],"attachments":[],"parameters":[],"attachmentsCount":0,"shouldDisplayMessage":false,"stepsCount":0,"attachmentStep":false,"hasContent":false},{"name":"base_url","time":{"start":1770051806039,"stop":1770051806039,"duration":0},"status":"passed","steps":[],"attachments":[],"parameters":[],"attachmentsCount":0,"shouldDisplayMessage":false,"stepsCount":0,"attachmentStep":false,"hasContent":false},{"name":"playwright","time":{"start":1770051806040,"stop":1770051806568,"duration":528},"status":"passed","steps":[],"attachments":[],"parameters":[],"attachmentsCount":0,"shouldDisplayMessage":false,"stepsCount":0,"attachmentStep":false,"hasContent":false},{"name":"page","time":{"start":1770051806568,"stop":1770051808065,"duration":1497},"status":"passed","steps":[],"attachments":[],"parameters":[],"attachmentsCount":0,"shouldDisplayMessage":false,"stepsCount":0,"attachmentStep":false,"hasContent":false}],"testStage":{"description":"Заполнение формы адрес+телефон, переход к тарифам","status":"failed","statusMessage":"AssertionError: Locator expected to be visible\nActual value: None\nError: element(s) not found \nCall log:\n  - Expect \"to_be_visible\" with timeout 10000ms\n  - waiting for get_by_text(\"Тестовая линия\", exact=True)","statusTrace":"page = <Page url='https://piter-online.net/'>, run = 0\n\n    @pytest.mark.parametrize(\"run\", range(1))\n    @allure.title(\"Подача заявки\")\n    @allure.description(\"Заполнение формы адрес+телефон, переход к тарифам\")\n    def test_fill_page(page, run):\n        with allure.step(f\"Открытие главной страницы - {BASE_URL}\"):\n            PiterOnline = MainPage(page)\n            PiterOnline.open_main_site()\n    \n        with allure.step(f\"Заполнение формы: {TEST_STREETS[0]}, дом {TEST_HOUSES[0]}, тел {TEST_PHONES[0]}\"):\n>           PiterOnline.fill_complete_form(TEST_STREETS[0], TEST_HOUSES[0], TEST_PHONES[0])\n\ntest_piter.py:19: \n_ _ _ _ _ _ _ _ _ _ _ _ _ _ _ _ _ _ _ _ _ _ _ _ _ _ _ _ _ _ _ _ _ _ _ _ _ _ _ _\npages\\main_page.py:95: in fill_complete_form\n    (self.fill_address(street, house)\n     ^^^^^^^^^^^^^^^^^^^^^^^^^^^^^^^^\npages\\main_page.py:44: in fill_address\n    self.fill_street(street)\n_ _ _ _ _ _ _ _ _ _ _ _ _ _ _ _ _ _ _ _ _ _ _ _ _ _ _ _ _ _ _ _ _ _ _ _ _ _ _ _\n\nself = <pages.main_page.MainPage object at 0x000002D73575A510>\nstreet_name = 'Тестовая линия'\n\n    def fill_street(self, street_name: str):\n        self.street_input.click()\n        self.street_input.fill(street_name)\n        locator = self.page.get_by_text(street_name, exact=True)\n>       expect(locator).to_be_visible(timeout=10000)\nE       AssertionError: Locator expected to be visible\nE       Actual value: None\nE       Error: element(s) not found \nE       Call log:\nE         - Expect \"to_be_visible\" with timeout 10000ms\nE         - waiting for get_by_text(\"Тестовая линия\", exact=True)\n\npages\\main_page.py:32: AssertionError","steps":[{"name":"Открытие главной страницы - https://piter-online.net/","time":{"start":1770051808161,"stop":1770051810334,"duration":2173},"status":"passed","steps":[],"attachments":[],"parameters":[],"attachmentsCount":0,"shouldDisplayMessage":false,"stepsCount":0,"attachmentStep":false,"hasContent":false},{"name":"Заполнение формы: Тестовая линия, дом 1, тел +7 (111) 111-11-111","time":{"start":1770051810335,"stop":1770051820620,"duration":10285},"status":"failed","statusMessage":"AssertionError: Locator expected to be visible\nActual value: None\nError: element(s) not found \nCall log:\n  - Expect \"to_be_visible\" with timeout 10000ms\n  - waiting for get_by_text(\"Тестовая линия\", exact=True)\n\n","statusTrace":"  File \"D:\\a\\qa_piter_auto_tests\\qa_piter_auto_tests\\test_piter.py\", line 19, in test_fill_page\n    PiterOnline.fill_complete_form(TEST_STREETS[0], TEST_HOUSES[0], TEST_PHONES[0])\n    ~~~~~~~~~~~~~~~~~~~~~~~~~~~~~~^^^^^^^^^^^^^^^^^^^^^^^^^^^^^^^^^^^^^^^^^^^^^^^^^\n  File \"D:\\a\\qa_piter_auto_tests\\qa_piter_auto_tests\\pages\\main_page.py\", line 95, in fill_complete_form\n    (self.fill_address(street, house)\n     ~~~~~~~~~~~~~~~~~^^^^^^^^^^^^^^^\n  File \"D:\\a\\qa_piter_auto_tests\\qa_piter_auto_tests\\pages\\main_page.py\", line 44, in fill_address\n    self.fill_street(street)\n    ~~~~~~~~~~~~~~~~^^^^^^^^\n  File \"D:\\a\\qa_piter_auto_tests\\qa_piter_auto_tests\\pages\\main_page.py\", line 32, in fill_street\n    expect(locator).to_be_visible(timeout=10000)\n    ~~~~~~~~~~~~~~~~~~~~~~~~~~~~~^^^^^^^^^^^^^^^\n  File \"C:\\hostedtoolcache\\windows\\Python\\3.14.2\\x64\\Lib\\site-packages\\playwright\\sync_api\\_generated.py\", line 20523, in to_be_visible\n    self._sync(self._impl_obj.to_be_visible(visible=visible, timeout=timeout))\n    ~~~~~~~~~~^^^^^^^^^^^^^^^^^^^^^^^^^^^^^^^^^^^^^^^^^^^^^^^^^^^^^^^^^^^^^^^^\n  File \"C:\\hostedtoolcache\\windows\\Python\\3.14.2\\x64\\Lib\\site-packages\\playwright\\_impl\\_sync_base.py\", line 115, in _sync\n    return task.result()\n           ~~~~~~~~~~~^^\n  File \"C:\\hostedtoolcache\\windows\\Python\\3.14.2\\x64\\Lib\\site-packages\\playwright\\_impl\\_assertions.py\", line 765, in to_be_visible\n    await self._expect_impl(\n    ...<5 lines>...\n    )\n  File \"C:\\hostedtoolcache\\windows\\Python\\3.14.2\\x64\\Lib\\site-packages\\playwright\\_impl\\_assertions.py\", line 85, in _expect_impl\n    raise AssertionError(\n        f\"{out_message}\\nActual value: {actual}{error_message} {format_call_log(result.get('log'))}\"\n    )\n","steps":[],"attachments":[],"parameters":[],"attachmentsCount":0,"shouldDisplayMessage":true,"stepsCount":0,"attachmentStep":false,"hasContent":true}],"attachments":[],"parameters":[],"attachmentsCount":0,"shouldDisplayMessage":true,"stepsCount":2,"attachmentStep":false,"hasContent":true},"afterStages":[{"name":"page::0","time":{"start":1770051820630,"stop":1770051820891,"duration":261},"status":"passed","steps":[],"attachments":[],"parameters":[],"attachmentsCount":0,"shouldDisplayMessage":false,"stepsCount":0,"attachmentStep":false,"hasContent":false},{"name":"playwright::0","time":{"start":1770051828474,"stop":1770051828485,"duration":11},"status":"passed","steps":[],"attachments":[],"parameters":[],"attachmentsCount":0,"shouldDisplayMessage":false,"stepsCount":0,"attachmentStep":false,"hasContent":false}],"labels":[{"name":"suite","value":"test_piter"},{"name":"host","value":"runnervmzwdec"},{"name":"thread","value":"1052-MainThread"},{"name":"framework","value":"pytest"},{"name":"language","value":"cpython3"},{"name":"package","value":"test_piter"},{"name":"resultFormat","value":"allure2"}],"parameters":[{"name":"run","value":"0"}],"links":[],"hidden":false,"retry":false,"extra":{"severity":"normal","retries":[],"categories":[{"name":"Product defects","matchedStatuses":[]}],"tags":[]},"source":"f5bad8e95d658f8c.json","parameterValues":["0"]}